<?xml version="1.0" encoding="UTF-8"?>
<testsuite xmlns:xsi="http://www.w3.org/2001/XMLSchema-instance" xsi:noNamespaceSchemaLocation="https://maven.apache.org/surefire/maven-surefire-plugin/xsd/surefire-test-report.xsd" name="cn.hotel.serviceApi.test.RedisTest" time="1.993" tests="1" errors="1" skipped="0" failures="0">
  <properties>
    <property name="sun.desktop" value="windows"/>
    <property name="awt.toolkit" value="sun.awt.windows.WToolkit"/>
    <property name="file.encoding.pkg" value="sun.io"/>
    <property name="java.specification.version" value="1.8"/>
    <property name="sun.cpu.isalist" value="amd64"/>
    <property name="sun.jnu.encoding" value="GBK"/>
    <property name="java.class.path" value="F:\毕业设计\github项目\hotel_ssm\hotel_web\target\test-classes;F:\毕业设计\github项目\hotel_ssm\hotel_web\target\classes;C:\Users\18837\.m2\repository\junit\junit\4.11\junit-4.11.jar;C:\Users\18837\.m2\repository\org\hamcrest\hamcrest-core\1.3\hamcrest-core-1.3.jar;C:\Users\18837\.m2\repository\cn\myhotel\hotel_model\1.0-SNAPSHOT\hotel_model-1.0-SNAPSHOT.jar;C:\Users\18837\.m2\repository\cn\myhotel\hotel_business\1.0-SNAPSHOT\hotel_business-1.0-SNAPSHOT.jar;C:\Users\18837\.m2\repository\cn\myhotel\hotel_service_api\1.0-SNAPSHOT\hotel_service_api-1.0-SNAPSHOT.jar;C:\Users\18837\.m2\repository\org\apache\commons\commons-lang3\3.6\commons-lang3-3.6.jar;C:\Users\18837\.m2\repository\com\google\guava\guava\26.0-jre\guava-26.0-jre.jar;C:\Users\18837\.m2\repository\com\google\code\findbugs\jsr305\3.0.2\jsr305-3.0.2.jar;C:\Users\18837\.m2\repository\org\checkerframework\checker-qual\2.5.2\checker-qual-2.5.2.jar;C:\Users\18837\.m2\repository\com\google\errorprone\error_prone_annotations\2.1.3\error_prone_annotations-2.1.3.jar;C:\Users\18837\.m2\repository\com\google\j2objc\j2objc-annotations\1.1\j2objc-annotations-1.1.jar;C:\Users\18837\.m2\repository\org\codehaus\mojo\animal-sniffer-annotations\1.14\animal-sniffer-annotations-1.14.jar;C:\Users\18837\.m2\repository\org\springframework\spring-core\4.0.6.RELEASE\spring-core-4.0.6.RELEASE.jar;C:\Users\18837\.m2\repository\org\springframework\spring-webmvc\4.0.6.RELEASE\spring-webmvc-4.0.6.RELEASE.jar;C:\Users\18837\.m2\repository\org\springframework\spring-expression\4.0.6.RELEASE\spring-expression-4.0.6.RELEASE.jar;C:\Users\18837\.m2\repository\org\springframework\spring-web\4.0.6.RELEASE\spring-web-4.0.6.RELEASE.jar;C:\Users\18837\.m2\repository\org\springframework\spring-beans\4.0.6.RELEASE\spring-beans-4.0.6.RELEASE.jar;C:\Users\18837\.m2\repository\org\springframework\spring-context\4.0.6.RELEASE\spring-context-4.0.6.RELEASE.jar;C:\Users\18837\.m2\repository\org\springframework\spring-aop\4.0.6.RELEASE\spring-aop-4.0.6.RELEASE.jar;C:\Users\18837\.m2\repository\aopalliance\aopalliance\1.0\aopalliance-1.0.jar;C:\Users\18837\.m2\repository\org\springframework\spring-tx\4.0.6.RELEASE\spring-tx-4.0.6.RELEASE.jar;C:\Users\18837\.m2\repository\org\springframework\spring-orm\4.0.6.RELEASE\spring-orm-4.0.6.RELEASE.jar;C:\Users\18837\.m2\repository\org\springframework\spring-jdbc\4.0.6.RELEASE\spring-jdbc-4.0.6.RELEASE.jar;C:\Users\18837\.m2\repository\org\springframework\spring-test\4.0.6.RELEASE\spring-test-4.0.6.RELEASE.jar;C:\Users\18837\.m2\repository\org\mybatis\mybatis\3.2.7\mybatis-3.2.7.jar;C:\Users\18837\.m2\repository\org\mybatis\mybatis-spring\1.2.2\mybatis-spring-1.2.2.jar;C:\Users\18837\.m2\repository\mysql\mysql-connector-java\5.1.30\mysql-connector-java-5.1.30.jar;C:\Users\18837\.m2\repository\com\alibaba\druid\1.0.5\druid-1.0.5.jar;C:\Users\18837\.m2\repository\org\codehaus\jackson\jackson-mapper-asl\1.9.13\jackson-mapper-asl-1.9.13.jar;C:\Users\18837\.m2\repository\org\codehaus\jackson\jackson-core-asl\1.9.13\jackson-core-asl-1.9.13.jar;C:\Users\18837\.m2\repository\com\fasterxml\jackson\core\jackson-core\2.1.0\jackson-core-2.1.0.jar;C:\Users\18837\.m2\repository\com\fasterxml\jackson\core\jackson-databind\2.1.0\jackson-databind-2.1.0.jar;C:\Users\18837\.m2\repository\com\fasterxml\jackson\core\jackson-annotations\2.1.0\jackson-annotations-2.1.0.jar;C:\Users\18837\.m2\repository\log4j\log4j\1.2.12\log4j-1.2.12.jar;C:\Users\18837\.m2\repository\org\slf4j\slf4j-api\1.6.6\slf4j-api-1.6.6.jar;C:\Users\18837\.m2\repository\org\slf4j\slf4j-log4j12\1.6.6\slf4j-log4j12-1.6.6.jar;C:\Users\18837\.m2\repository\javax\servlet\jstl\1.2\jstl-1.2.jar;C:\Users\18837\.m2\repository\javax\servlet\javax.servlet-api\3.1.0\javax.servlet-api-3.1.0.jar;C:\Users\18837\.m2\repository\commons-fileupload\commons-fileupload\1.3.1\commons-fileupload-1.3.1.jar;C:\Users\18837\.m2\repository\commons-io\commons-io\2.2\commons-io-2.2.jar;C:\Users\18837\.m2\repository\org\apache\httpcomponents\httpclient\4.1.2\httpclient-4.1.2.jar;C:\Users\18837\.m2\repository\org\apache\httpcomponents\httpcore\4.1.2\httpcore-4.1.2.jar;C:\Users\18837\.m2\repository\commons-codec\commons-codec\1.9\commons-codec-1.9.jar;C:\Users\18837\.m2\repository\commons-net\commons-net\3.3\commons-net-3.3.jar;C:\Users\18837\.m2\repository\commons-logging\commons-logging\1.1.3\commons-logging-1.1.3.jar;C:\Users\18837\.m2\repository\commons-collections\commons-collections\3.2.1\commons-collections-3.2.1.jar;C:\Users\18837\.m2\repository\commons-dbcp\commons-dbcp\1.4\commons-dbcp-1.4.jar;C:\Users\18837\.m2\repository\commons-pool\commons-pool\1.5.4\commons-pool-1.5.4.jar;C:\Users\18837\.m2\repository\org\aspectj\aspectjweaver\1.6.12\aspectjweaver-1.6.12.jar;C:\Users\18837\.m2\repository\org\aspectj\aspectjrt\1.6.12\aspectjrt-1.6.12.jar;C:\Users\18837\.m2\repository\com\alibaba\fastjson\1.2.47\fastjson-1.2.47.jar;C:\Users\18837\.m2\repository\org\springframework\data\spring-data-redis\1.6.0.RELEASE\spring-data-redis-1.6.0.RELEASE.jar;C:\Users\18837\.m2\repository\org\springframework\spring-context-support\4.1.7.RELEASE\spring-context-support-4.1.7.RELEASE.jar;C:\Users\18837\.m2\repository\org\apache\commons\commons-pool2\2.4.2\commons-pool2-2.4.2.jar;C:\Users\18837\.m2\repository\redis\clients\jedis\2.7.2\jedis-2.7.2.jar;"/>
    <property name="java.vm.vendor" value="Oracle Corporation"/>
    <property name="sun.arch.data.model" value="64"/>
    <property name="user.variant" value=""/>
    <property name="java.vendor.url" value="http://java.oracle.com/"/>
    <property name="user.timezone" value="Asia/Shanghai"/>
    <property name="java.vm.specification.version" value="1.8"/>
    <property name="os.name" value="Windows 10"/>
    <property name="user.country" value="CN"/>
    <property name="sun.java.launcher" value="SUN_STANDARD"/>
    <property name="sun.boot.library.path" value="D:\Java\jdk\jdk1.8\jre\bin"/>
    <property name="sun.java.command" value="C:\Users\18837\AppData\Local\Temp\surefire7417316484788802912\surefirebooter1145878053472722279.jar C:\Users\18837\AppData\Local\Temp\surefire7417316484788802912 2019-01-18T20-06-51_184-jvmRun1 surefire7971301486991674558tmp surefire_01893133055806057771tmp"/>
    <property name="surefire.test.class.path" value="F:\毕业设计\github项目\hotel_ssm\hotel_web\target\test-classes;F:\毕业设计\github项目\hotel_ssm\hotel_web\target\classes;C:\Users\18837\.m2\repository\junit\junit\4.11\junit-4.11.jar;C:\Users\18837\.m2\repository\org\hamcrest\hamcrest-core\1.3\hamcrest-core-1.3.jar;C:\Users\18837\.m2\repository\cn\myhotel\hotel_model\1.0-SNAPSHOT\hotel_model-1.0-SNAPSHOT.jar;C:\Users\18837\.m2\repository\cn\myhotel\hotel_business\1.0-SNAPSHOT\hotel_business-1.0-SNAPSHOT.jar;C:\Users\18837\.m2\repository\cn\myhotel\hotel_service_api\1.0-SNAPSHOT\hotel_service_api-1.0-SNAPSHOT.jar;C:\Users\18837\.m2\repository\org\apache\commons\commons-lang3\3.6\commons-lang3-3.6.jar;C:\Users\18837\.m2\repository\com\google\guava\guava\26.0-jre\guava-26.0-jre.jar;C:\Users\18837\.m2\repository\com\google\code\findbugs\jsr305\3.0.2\jsr305-3.0.2.jar;C:\Users\18837\.m2\repository\org\checkerframework\checker-qual\2.5.2\checker-qual-2.5.2.jar;C:\Users\18837\.m2\repository\com\google\errorprone\error_prone_annotations\2.1.3\error_prone_annotations-2.1.3.jar;C:\Users\18837\.m2\repository\com\google\j2objc\j2objc-annotations\1.1\j2objc-annotations-1.1.jar;C:\Users\18837\.m2\repository\org\codehaus\mojo\animal-sniffer-annotations\1.14\animal-sniffer-annotations-1.14.jar;C:\Users\18837\.m2\repository\org\springframework\spring-core\4.0.6.RELEASE\spring-core-4.0.6.RELEASE.jar;C:\Users\18837\.m2\repository\org\springframework\spring-webmvc\4.0.6.RELEASE\spring-webmvc-4.0.6.RELEASE.jar;C:\Users\18837\.m2\repository\org\springframework\spring-expression\4.0.6.RELEASE\spring-expression-4.0.6.RELEASE.jar;C:\Users\18837\.m2\repository\org\springframework\spring-web\4.0.6.RELEASE\spring-web-4.0.6.RELEASE.jar;C:\Users\18837\.m2\repository\org\springframework\spring-beans\4.0.6.RELEASE\spring-beans-4.0.6.RELEASE.jar;C:\Users\18837\.m2\repository\org\springframework\spring-context\4.0.6.RELEASE\spring-context-4.0.6.RELEASE.jar;C:\Users\18837\.m2\repository\org\springframework\spring-aop\4.0.6.RELEASE\spring-aop-4.0.6.RELEASE.jar;C:\Users\18837\.m2\repository\aopalliance\aopalliance\1.0\aopalliance-1.0.jar;C:\Users\18837\.m2\repository\org\springframework\spring-tx\4.0.6.RELEASE\spring-tx-4.0.6.RELEASE.jar;C:\Users\18837\.m2\repository\org\springframework\spring-orm\4.0.6.RELEASE\spring-orm-4.0.6.RELEASE.jar;C:\Users\18837\.m2\repository\org\springframework\spring-jdbc\4.0.6.RELEASE\spring-jdbc-4.0.6.RELEASE.jar;C:\Users\18837\.m2\repository\org\springframework\spring-test\4.0.6.RELEASE\spring-test-4.0.6.RELEASE.jar;C:\Users\18837\.m2\repository\org\mybatis\mybatis\3.2.7\mybatis-3.2.7.jar;C:\Users\18837\.m2\repository\org\mybatis\mybatis-spring\1.2.2\mybatis-spring-1.2.2.jar;C:\Users\18837\.m2\repository\mysql\mysql-connector-java\5.1.30\mysql-connector-java-5.1.30.jar;C:\Users\18837\.m2\repository\com\alibaba\druid\1.0.5\druid-1.0.5.jar;C:\Users\18837\.m2\repository\org\codehaus\jackson\jackson-mapper-asl\1.9.13\jackson-mapper-asl-1.9.13.jar;C:\Users\18837\.m2\repository\org\codehaus\jackson\jackson-core-asl\1.9.13\jackson-core-asl-1.9.13.jar;C:\Users\18837\.m2\repository\com\fasterxml\jackson\core\jackson-core\2.1.0\jackson-core-2.1.0.jar;C:\Users\18837\.m2\repository\com\fasterxml\jackson\core\jackson-databind\2.1.0\jackson-databind-2.1.0.jar;C:\Users\18837\.m2\repository\com\fasterxml\jackson\core\jackson-annotations\2.1.0\jackson-annotations-2.1.0.jar;C:\Users\18837\.m2\repository\log4j\log4j\1.2.12\log4j-1.2.12.jar;C:\Users\18837\.m2\repository\org\slf4j\slf4j-api\1.6.6\slf4j-api-1.6.6.jar;C:\Users\18837\.m2\repository\org\slf4j\slf4j-log4j12\1.6.6\slf4j-log4j12-1.6.6.jar;C:\Users\18837\.m2\repository\javax\servlet\jstl\1.2\jstl-1.2.jar;C:\Users\18837\.m2\repository\javax\servlet\javax.servlet-api\3.1.0\javax.servlet-api-3.1.0.jar;C:\Users\18837\.m2\repository\commons-fileupload\commons-fileupload\1.3.1\commons-fileupload-1.3.1.jar;C:\Users\18837\.m2\repository\commons-io\commons-io\2.2\commons-io-2.2.jar;C:\Users\18837\.m2\repository\org\apache\httpcomponents\httpclient\4.1.2\httpclient-4.1.2.jar;C:\Users\18837\.m2\repository\org\apache\httpcomponents\httpcore\4.1.2\httpcore-4.1.2.jar;C:\Users\18837\.m2\repository\commons-codec\commons-codec\1.9\commons-codec-1.9.jar;C:\Users\18837\.m2\repository\commons-net\commons-net\3.3\commons-net-3.3.jar;C:\Users\18837\.m2\repository\commons-logging\commons-logging\1.1.3\commons-logging-1.1.3.jar;C:\Users\18837\.m2\repository\commons-collections\commons-collections\3.2.1\commons-collections-3.2.1.jar;C:\Users\18837\.m2\repository\commons-dbcp\commons-dbcp\1.4\commons-dbcp-1.4.jar;C:\Users\18837\.m2\repository\commons-pool\commons-pool\1.5.4\commons-pool-1.5.4.jar;C:\Users\18837\.m2\repository\org\aspectj\aspectjweaver\1.6.12\aspectjweaver-1.6.12.jar;C:\Users\18837\.m2\repository\org\aspectj\aspectjrt\1.6.12\aspectjrt-1.6.12.jar;C:\Users\18837\.m2\repository\com\alibaba\fastjson\1.2.47\fastjson-1.2.47.jar;C:\Users\18837\.m2\repository\org\springframework\data\spring-data-redis\1.6.0.RELEASE\spring-data-redis-1.6.0.RELEASE.jar;C:\Users\18837\.m2\repository\org\springframework\spring-context-support\4.1.7.RELEASE\spring-context-support-4.1.7.RELEASE.jar;C:\Users\18837\.m2\repository\org\apache\commons\commons-pool2\2.4.2\commons-pool2-2.4.2.jar;C:\Users\18837\.m2\repository\redis\clients\jedis\2.7.2\jedis-2.7.2.jar;"/>
    <property name="sun.cpu.endian" value="little"/>
    <property name="user.home" value="C:\Users\18837"/>
    <property name="user.language" value="zh"/>
    <property name="java.specification.vendor" value="Oracle Corporation"/>
    <property name="java.home" value="D:\Java\jdk\jdk1.8\jre"/>
    <property name="basedir" value="F:\毕业设计\github项目\hotel_ssm\hotel_web"/>
    <property name="file.separator" value="\"/>
    <property name="line.separator" value="&#10;"/>
    <property name="java.vm.specification.vendor" value="Oracle Corporation"/>
    <property name="java.specification.name" value="Java Platform API Specification"/>
    <property name="java.awt.graphicsenv" value="sun.awt.Win32GraphicsEnvironment"/>
    <property name="surefire.real.class.path" value="C:\Users\18837\AppData\Local\Temp\surefire7417316484788802912\surefirebooter1145878053472722279.jar"/>
    <property name="sun.boot.class.path" value="D:\Java\jdk\jdk1.8\jre\lib\resources.jar;D:\Java\jdk\jdk1.8\jre\lib\rt.jar;D:\Java\jdk\jdk1.8\jre\lib\sunrsasign.jar;D:\Java\jdk\jdk1.8\jre\lib\jsse.jar;D:\Java\jdk\jdk1.8\jre\lib\jce.jar;D:\Java\jdk\jdk1.8\jre\lib\charsets.jar;D:\Java\jdk\jdk1.8\jre\lib\jfr.jar;D:\Java\jdk\jdk1.8\jre\classes"/>
    <property name="user.script" value=""/>
    <property name="sun.management.compiler" value="HotSpot 64-Bit Tiered Compilers"/>
    <property name="java.runtime.version" value="1.8.0_181-b13"/>
    <property name="user.name" value="18837"/>
    <property name="path.separator" value=";"/>
    <property name="os.version" value="10.0"/>
    <property name="java.endorsed.dirs" value="D:\Java\jdk\jdk1.8\jre\lib\endorsed"/>
    <property name="java.runtime.name" value="Java(TM) SE Runtime Environment"/>
    <property name="file.encoding" value="GBK"/>
    <property name="java.vm.name" value="Java HotSpot(TM) 64-Bit Server VM"/>
    <property name="localRepository" value="C:\Users\18837\.m2\repository"/>
    <property name="java.vendor.url.bug" value="http://bugreport.sun.com/bugreport/"/>
    <property name="java.io.tmpdir" value="C:\Users\18837\AppData\Local\Temp\"/>
    <property name="idea.version" value="2018.2.1"/>
    <property name="java.version" value="1.8.0_181"/>
    <property name="user.dir" value="F:\毕业设计\github项目\hotel_ssm\hotel_web"/>
    <property name="os.arch" value="amd64"/>
    <property name="java.vm.specification.name" value="Java Virtual Machine Specification"/>
    <property name="java.awt.printerjob" value="sun.awt.windows.WPrinterJob"/>
    <property name="sun.os.patch.level" value=""/>
    <property name="java.library.path" value="D:\Java\jdk\jdk1.8\jre\bin;C:\WINDOWS\Sun\Java\bin;C:\WINDOWS\system32;C:\WINDOWS;C:\Program Files (x86)\Common Files\Oracle\Java\javapath;C:\Program Files (x86)\Intel\Intel(R) Management Engine Components\iCLS\;C:\Program Files\Intel\Intel(R) Management Engine Components\iCLS\;C:\Windows\system32;C:\Windows;C:\Windows\System32\Wbem;C:\Windows\System32\WindowsPowerShell\v1.0\;C:\Program Files (x86)\Intel\Intel(R) Management Engine Components\DAL;C:\Program Files\Intel\Intel(R) Management Engine Components\DAL;C:\Program Files (x86)\Intel\Intel(R) Management Engine Components\IPT;C:\Program Files\Intel\Intel(R) Management Engine Components\IPT;C:\Program Files (x86)\NVIDIA Corporation\PhysX\Common;D:\Java\jdk\jdk1.8\bin;C:\Program Files (x86)\MySQL\MySQL Server 5.5\bin;C:\Program Files\VanDyke Software\Clients\;C:\Program Files\Git\cmd;D:\facebank\apache-maven-3.5.4\bin;C:\WINDOWS\system32;C:\WINDOWS;C:\WINDOWS\System32\Wbem;C:\WINDOWS\System32\WindowsPowerShell\v1.0\;C:\WINDOWS\System32\OpenSSH\;C:\Program Files\Intel\WiFi\bin\;C:\Program Files\Common Files\Intel\WirelessCommon\;C:\Program Files (x86)\OpenVPN\bin;D:\Java\rabbitMQ\erl10.2\bin;C:\Users\18837\AppData\Local\Microsoft\WindowsApps;;."/>
    <property name="java.vm.info" value="mixed mode"/>
    <property name="java.vendor" value="Oracle Corporation"/>
    <property name="java.vm.version" value="25.181-b13"/>
    <property name="java.ext.dirs" value="D:\Java\jdk\jdk1.8\jre\lib\ext;C:\WINDOWS\Sun\Java\lib\ext"/>
    <property name="sun.io.unicode.encoding" value="UnicodeLittle"/>
    <property name="java.class.version" value="52.0"/>
  </properties>
  <testcase name="testJedis" classname="cn.hotel.serviceApi.test.RedisTest" time="1.993">
    <error message="java.net.SocketTimeoutException: connect timed out" type="redis.clients.jedis.exceptions.JedisConnectionException">redis.clients.jedis.exceptions.JedisConnectionException: java.net.SocketTimeoutException: connect timed out
	at cn.hotel.serviceApi.test.RedisTest.testJedis(RedisTest.java:10)
Caused by: java.net.SocketTimeoutException: connect timed out
	at cn.hotel.serviceApi.test.RedisTest.testJedis(RedisTest.java:10)
</error>
  </testcase>
</testsuite>